# JRE version: OpenJDK Runtime Environment (8.0_76-b03) (build 1.8.0_76-release-b03)
# Java VM: OpenJDK 64-Bit Server VM (25.76-b03 mixed mode windows-amd64 compressed oops)
Heap:
 PSYoungGen      total 232960K, used 45987K [0x00000000eab00000, 0x0000000100000000, 0x0000000100000000)
  eden space 116736K, 0% used [0x00000000eab00000,0x00000000eab00000,0x00000000f1d00000)
  from space 116224K, 39% used [0x00000000f1d00000,0x00000000f49e8cf8,0x00000000f8e80000)
  to   space 116224K, 0% used [0x00000000f8e80000,0x00000000f8e80000,0x0000000100000000)
 ParOldGen       total 699392K, used 638625K [0x00000000c0000000, 0x00000000eab00000, 0x00000000eab00000)
  object space 699392K, 91% used [0x00000000c0000000,0x00000000e6fa84f0,0x00000000eab00000)
 Metaspace       used 6646K, capacity 7346K, committed 7552K, reserved 1056768K
  class space    used 602K, capacity 618K, committed 640K, reserved 1048576K
GC Heap History (10 events):
Event: 30.055 GC heap after
Heap after GC invocations=35 (full 5):
 PSYoungGen      total 223744K, used 50184K [0x00000000eab00000, 0x00000000ff700000, 0x0000000100000000)
  eden space 116736K, 0% used [0x00000000eab00000,0x00000000eab00000,0x00000000f1d00000)
  from space 107008K, 46% used [0x00000000f8e80000,0x00000000fbf821d8,0x00000000ff700000)
  to   space 111616K, 0% used [0x00000000f1d00000,0x00000000f1d00000,0x00000000f8a00000)
 ParOldGen       total 564736K, used 476450K [0x00000000c0000000, 0x00000000e2780000, 0x00000000eab00000)
  object space 564736K, 84% used [0x00000000c0000000,0x00000000dd1488f8,0x00000000e2780000)
 Metaspace       used 6646K, capacity 7346K, committed 7552K, reserved 1056768K
  class space    used 602K, capacity 618K, committed 640K, reserved 1048576K
}
Event: 31.835 GC heap before
{Heap before GC invocations=36 (full 5):
 PSYoungGen      total 223744K, used 166920K [0x00000000eab00000, 0x00000000ff700000, 0x0000000100000000)
  eden space 116736K, 100% used [0x00000000eab00000,0x00000000f1d00000,0x00000000f1d00000)
  from space 107008K, 46% used [0x00000000f8e80000,0x00000000fbf821d8,0x00000000ff700000)
  to   space 111616K, 0% used [0x00000000f1d00000,0x00000000f1d00000,0x00000000f8a00000)
 ParOldGen       total 564736K, used 476450K [0x00000000c0000000, 0x00000000e2780000, 0x00000000eab00000)
  object space 564736K, 84% used [0x00000000c0000000,0x00000000dd1488f8,0x00000000e2780000)
 Metaspace       used 6646K, capacity 7346K, committed 7552K, reserved 1056768K
  class space    used 602K, capacity 618K, committed 640K, reserved 1048576K
Event: 31.939 GC heap after
Heap after GC invocations=36 (full 5):
 PSYoungGen      total 228352K, used 98126K [0x00000000eab00000, 0x0000000100000000, 0x0000000100000000)
  eden space 116736K, 0% used [0x00000000eab00000,0x00000000eab00000,0x00000000f1d00000)
  from space 111616K, 87% used [0x00000000f1d00000,0x00000000f7cd3940,0x00000000f8a00000)
  to   space 116224K, 0% used [0x00000000f8e80000,0x00000000f8e80000,0x0000000100000000)
 ParOldGen       total 564736K, used 476450K [0x00000000c0000000, 0x00000000e2780000, 0x00000000eab00000)
  object space 564736K, 84% used [0x00000000c0000000,0x00000000dd1488f8,0x00000000e2780000)
 Metaspace       used 6646K, capacity 7346K, committed 7552K, reserved 1056768K
  class space    used 602K, capacity 618K, committed 640K, reserved 1048576K
}
Event: 32.063 GC heap before
{Heap before GC invocations=37 (full 5):
 PSYoungGen      total 228352K, used 214862K [0x00000000eab00000, 0x0000000100000000, 0x0000000100000000)
  eden space 116736K, 100% used [0x00000000eab00000,0x00000000f1d00000,0x00000000f1d00000)
  from space 111616K, 87% used [0x00000000f1d00000,0x00000000f7cd3940,0x00000000f8a00000)
  to   space 116224K, 0% used [0x00000000f8e80000,0x00000000f8e80000,0x0000000100000000)
 ParOldGen       total 564736K, used 476450K [0x00000000c0000000, 0x00000000e2780000, 0x00000000eab00000)
  object space 564736K, 84% used [0x00000000c0000000,0x00000000dd1488f8,0x00000000e2780000)
 Metaspace       used 6646K, capacity 7346K, committed 7552K, reserved 1056768K
  class space    used 602K, capacity 618K, committed 640K, reserved 1048576K
Event: 32.184 GC heap after
Heap after GC invocations=37 (full 5):
 PSYoungGen      total 232960K, used 116195K [0x00000000eab00000, 0x0000000100000000, 0x0000000100000000)
  eden space 116736K, 0% used [0x00000000eab00000,0x00000000eab00000,0x00000000f1d00000)
  from space 116224K, 99% used [0x00000000f8e80000,0x00000000ffff8f28,0x0000000100000000)
  to   space 116224K, 0% used [0x00000000f1d00000,0x00000000f1d00000,0x00000000f8e80000)
 ParOldGen       total 564736K, used 522280K [0x00000000c0000000, 0x00000000e2780000, 0x00000000eab00000)
  object space 564736K, 92% used [0x00000000c0000000,0x00000000dfe0a3d8,0x00000000e2780000)
 Metaspace       used 6646K, capacity 7346K, committed 7552K, reserved 1056768K
  class space    used 602K, capacity 618K, committed 640K, reserved 1048576K
}
Event: 32.184 GC heap before
{Heap before GC invocations=38 (full 6):
 PSYoungGen      total 232960K, used 116195K [0x00000000eab00000, 0x0000000100000000, 0x0000000100000000)
  eden space 116736K, 0% used [0x00000000eab00000,0x00000000eab00000,0x00000000f1d00000)
  from space 116224K, 99% used [0x00000000f8e80000,0x00000000ffff8f28,0x0000000100000000)
  to   space 116224K, 0% used [0x00000000f1d00000,0x00000000f1d00000,0x00000000f8e80000)
 ParOldGen       total 564736K, used 522280K [0x00000000c0000000, 0x00000000e2780000, 0x00000000eab00000)
  object space 564736K, 92% used [0x00000000c0000000,0x00000000dfe0a3d8,0x00000000e2780000)
 Metaspace       used 6646K, capacity 7346K, committed 7552K, reserved 1056768K
  class space    used 602K, capacity 618K, committed 640K, reserved 1048576K
Event: 37.671 GC heap after
Heap after GC invocations=38 (full 6):
 PSYoungGen      total 232960K, used 71686K [0x00000000eab00000, 0x0000000100000000, 0x0000000100000000)
  eden space 116736K, 0% used [0x00000000eab00000,0x00000000eab00000,0x00000000f1d00000)
  from space 116224K, 61% used [0x00000000f8e80000,0x00000000fd481820,0x0000000100000000)
  to   space 116224K, 0% used [0x00000000f1d00000,0x00000000f1d00000,0x00000000f8e80000)
 ParOldGen       total 699392K, used 564242K [0x00000000c0000000, 0x00000000eab00000, 0x00000000eab00000)
  object space 699392K, 80% used [0x00000000c0000000,0x00000000e2704998,0x00000000eab00000)
 Metaspace       used 6646K, capacity 7346K, committed 7552K, reserved 1056768K
  class space    used 602K, capacity 618K, committed 640K, reserved 1048576K
}
Event: 37.941 GC heap before
{Heap before GC invocations=39 (full 6):
 PSYoungGen      total 232960K, used 188422K [0x00000000eab00000, 0x0000000100000000, 0x0000000100000000)
  eden space 116736K, 100% used [0x00000000eab00000,0x00000000f1d00000,0x00000000f1d00000)
  from space 116224K, 61% used [0x00000000f8e80000,0x00000000fd481820,0x0000000100000000)
  to   space 116224K, 0% used [0x00000000f1d00000,0x00000000f1d00000,0x00000000f8e80000)
 ParOldGen       total 699392K, used 564242K [0x00000000c0000000, 0x00000000eab00000, 0x00000000eab00000)
  object space 699392K, 80% used [0x00000000c0000000,0x00000000e2704998,0x00000000eab00000)
 Metaspace       used 6646K, capacity 7346K, committed 7552K, reserved 1056768K
  class space    used 602K, capacity 618K, committed 640K, reserved 1048576K
Event: 38.153 GC heap after
Heap after GC invocations=39 (full 6):
 PSYoungGen      total 232960K, used 45987K [0x00000000eab00000, 0x0000000100000000, 0x0000000100000000)
  eden space 116736K, 0% used [0x00000000eab00000,0x00000000eab00000,0x00000000f1d00000)
  from space 116224K, 39% used [0x00000000f1d00000,0x00000000f49e8cf8,0x00000000f8e80000)
  to   space 116224K, 0% used [0x00000000f8e80000,0x00000000f8e80000,0x0000000100000000)
 ParOldGen       total 699392K, used 638625K [0x00000000c0000000, 0x00000000eab00000, 0x00000000eab00000)
  object space 699392K, 91% used [0x00000000c0000000,0x00000000e6fa84f0,0x00000000eab00000)
 Metaspace       used 6646K, capacity 7346K, committed 7552K, reserved 1056768K
  class space    used 602K, capacity 618K, committed 640K, reserved 1048576K
}
Event: 38.153 GC heap before
{Heap before GC invocations=40 (full 7):
 PSYoungGen      total 232960K, used 45987K [0x00000000eab00000, 0x0000000100000000, 0x0000000100000000)
  eden space 116736K, 0% used [0x00000000eab00000,0x00000000eab00000,0x00000000f1d00000)
  from space 116224K, 39% used [0x00000000f1d00000,0x00000000f49e8cf8,0x00000000f8e80000)
  to   space 116224K, 0% used [0x00000000f8e80000,0x00000000f8e80000,0x0000000100000000)
 ParOldGen       total 699392K, used 638625K [0x00000000c0000000, 0x00000000eab00000, 0x00000000eab00000)
  object space 699392K, 91% used [0x00000000c0000000,0x00000000e6fa84f0,0x00000000eab00000)
 Metaspace       used 6646K, capacity 7346K, committed 7552K, reserved 1056768K
  class space    used 602K, capacity 618K, committed 640K, reserved 1048576K

